<?xml version="1.0" encoding="UTF-8"?>
<testsuite name="CoinCombinationsTest" tests="4" skipped="0" failures="0" errors="0" timestamp="2015-08-13T22:09:22" hostname="epicodus-108.local" time="0.353">
  <properties/>
  <testcase name="coinCombination_returnWordQuarterFor_25" classname="CoinCombinationsTest" time="0.004"/>
  <testcase name="rootTest" classname="CoinCombinationsTest" time="0.271"/>
  <testcase name="coinCombination_returnWordCoinsFor_97" classname="CoinCombinationsTest" time="0.001"/>
  <testcase name="centsGiven" classname="CoinCombinationsTest" time="0.063"/>
  <system-out><![CDATA[]]></system-out>
  <system-err><![CDATA[[Thread-4] INFO spark.webserver.SparkServer - == Spark has ignited ...
[Thread-4] INFO spark.webserver.SparkServer - >> Listening on 0.0.0.0:4567
[Thread-4] INFO org.eclipse.jetty.server.Server - jetty-9.0.2.v20130417
[Thread-4] INFO org.eclipse.jetty.server.ServerConnector - Started ServerConnector@45249103{HTTP/1.1}{0.0.0.0:4567}
Aug 13, 2015 3:09:23 PM com.gargoylesoftware.htmlunit.html.InputElementFactory createElementNS
INFO: Bad input type: "numbers", creating a text input
Aug 13, 2015 3:09:23 PM com.gargoylesoftware.htmlunit.html.InputElementFactory createElementNS
INFO: Bad input type: "numbers", creating a text input
[Test worker] INFO spark.webserver.SparkServer - >>> Spark shutting down ...
[Test worker] INFO org.eclipse.jetty.server.Server - Graceful shutdown org.eclipse.jetty.server.Server@66d57980 by 
[Test worker] INFO org.eclipse.jetty.server.ServerConnector - Stopped ServerConnector@45249103{HTTP/1.1}{0.0.0.0:4567}
[Test worker] INFO spark.webserver.SparkServer - done
]]></system-err>
</testsuite>
